<?xml version="1.0" encoding="UTF-8"?>
<testng-results ignored="0" total="1" passed="1" failed="0" skipped="0">
  <reporter-output>
  </reporter-output>
  <suite started-at="2026-02-26T08:03:14 IST" name="Default suite" finished-at="2026-02-26T08:03:20 IST" duration-ms="6202">
    <groups>
    </groups>
    <test started-at="2026-02-26T08:03:14 IST" name="Default test" finished-at="2026-02-26T08:03:20 IST" duration-ms="6202">
      <class name="test.LoginTest">
        <test-method is-config="true" signature="setup()[pri:0, instance:test.LoginTest@47eaca72]" started-at="2026-02-26T08:03:14 IST" name="setup" finished-at="2026-02-26T08:03:19 IST" duration-ms="4823" status="PASS">
          <reporter-output>
          </reporter-output>
        </test-method> <!-- setup -->
        <test-method signature="testValidLogin()[pri:0, instance:test.LoginTest@47eaca72]" started-at="2026-02-26T08:03:19 IST" name="testValidLogin" finished-at="2026-02-26T08:03:20 IST" duration-ms="1056" status="PASS">
          <reporter-output>
          </reporter-output>
        </test-method> <!-- testValidLogin -->
        <test-method is-config="true" signature="tearDown()[pri:0, instance:test.LoginTest@47eaca72]" started-at="2026-02-26T08:03:20 IST" name="tearDown" finished-at="2026-02-26T08:03:20 IST" duration-ms="284" status="PASS">
          <reporter-output>
          </reporter-output>
        </test-method> <!-- tearDown -->
      </class> <!-- test.LoginTest -->
    </test> <!-- Default test -->
  </suite> <!-- Default suite -->
</testng-results>
