<?xml version="1.0" encoding="UTF-8"?>
<testng-results ignored="0" total="1" passed="1" failed="0" skipped="0">
  <reporter-output>
  </reporter-output>
  <suite started-at="2026-02-25T06:43:11 IST" name="LoginSuite" finished-at="2026-02-25T06:43:16 IST" duration-ms="5049">
    <groups>
    </groups>
    <test started-at="2026-02-25T06:43:11 IST" name="LoginTests" finished-at="2026-02-25T06:43:16 IST" duration-ms="5049">
      <class name="test.LoginTest">
        <test-method is-config="true" signature="setup()[pri:0, instance:test.LoginTest@689604d9]" started-at="2026-02-25T06:43:11 IST" name="setup" finished-at="2026-02-25T06:43:15 IST" duration-ms="4040" status="PASS">
          <reporter-output>
          </reporter-output>
        </test-method> <!-- setup -->
        <test-method signature="testValidLogin()[pri:0, instance:test.LoginTest@689604d9]" started-at="2026-02-25T06:43:15 IST" name="testValidLogin" finished-at="2026-02-25T06:43:16 IST" duration-ms="972" status="PASS">
          <reporter-output>
          </reporter-output>
        </test-method> <!-- testValidLogin -->
        <test-method is-config="true" signature="tearDown()[pri:0, instance:test.LoginTest@689604d9]" started-at="2026-02-25T06:43:16 IST" name="tearDown" finished-at="2026-02-25T06:43:16 IST" duration-ms="2" status="PASS">
          <reporter-output>
          </reporter-output>
        </test-method> <!-- tearDown -->
      </class> <!-- test.LoginTest -->
    </test> <!-- LoginTests -->
  </suite> <!-- LoginSuite -->
</testng-results>
